c:\users\the geekiest one\google drive\school\westminster (uow)\tashkent\redrum\bot\visualstudio\release\redrum\base.obj
c:\users\the geekiest one\google drive\school\westminster (uow)\tashkent\redrum\bot\visualstudio\release\redrum\bases.obj
c:\users\the geekiest one\google drive\school\westminster (uow)\tashkent\redrum\bot\visualstudio\release\redrum\bossmanager.obj
c:\users\the geekiest one\google drive\school\westminster (uow)\tashkent\redrum\bot\visualstudio\release\redrum\buildingmanager.obj
c:\users\the geekiest one\google drive\school\westminster (uow)\tashkent\redrum\bot\visualstudio\release\redrum\buildingplacer.obj
c:\users\the geekiest one\google drive\school\westminster (uow)\tashkent\redrum\bot\visualstudio\release\redrum\buildorder.obj
c:\users\the geekiest one\google drive\school\westminster (uow)\tashkent\redrum\bot\visualstudio\release\redrum\combatsimulation.obj
c:\users\the geekiest one\google drive\school\westminster (uow)\tashkent\redrum\bot\visualstudio\release\redrum\common.obj
c:\users\the geekiest one\google drive\school\westminster (uow)\tashkent\redrum\bot\visualstudio\release\redrum\fap.obj
c:\users\the geekiest one\google drive\school\westminster (uow)\tashkent\redrum\bot\visualstudio\release\redrum\grid.obj
c:\users\the geekiest one\google drive\school\westminster (uow)\tashkent\redrum\bot\visualstudio\release\redrum\gridattacks.obj
c:\users\the geekiest one\google drive\school\westminster (uow)\tashkent\redrum\bot\visualstudio\release\redrum\griddistances.obj
c:\users\the geekiest one\google drive\school\westminster (uow)\tashkent\redrum\bot\visualstudio\release\redrum\gridinset.obj
c:\users\the geekiest one\google drive\school\westminster (uow)\tashkent\redrum\bot\visualstudio\release\redrum\gridroom.obj
c:\users\the geekiest one\google drive\school\westminster (uow)\tashkent\redrum\bot\visualstudio\release\redrum\gridtileroom.obj
c:\users\the geekiest one\google drive\school\westminster (uow)\tashkent\redrum\bot\visualstudio\release\redrum\gridwalk.obj
c:\users\the geekiest one\google drive\school\westminster (uow)\tashkent\redrum\bot\visualstudio\release\redrum\gridzone.obj
c:\users\the geekiest one\google drive\school\westminster (uow)\tashkent\redrum\bot\visualstudio\release\redrum\informationmanager.obj
c:\users\the geekiest one\google drive\school\westminster (uow)\tashkent\redrum\bot\visualstudio\release\redrum\jsontools.obj
c:\users\the geekiest one\google drive\school\westminster (uow)\tashkent\redrum\bot\visualstudio\release\redrum\logger.obj
c:\users\the geekiest one\google drive\school\westminster (uow)\tashkent\redrum\bot\visualstudio\release\redrum\macroact.obj
c:\users\the geekiest one\google drive\school\westminster (uow)\tashkent\redrum\bot\visualstudio\release\redrum\mapgrid.obj
c:\users\the geekiest one\google drive\school\westminster (uow)\tashkent\redrum\bot\visualstudio\release\redrum\mappartitions.obj
c:\users\the geekiest one\google drive\school\westminster (uow)\tashkent\redrum\bot\visualstudio\release\redrum\maptools.obj
c:\users\the geekiest one\google drive\school\westminster (uow)\tashkent\redrum\bot\visualstudio\release\redrum\microairtoair.obj
c:\users\the geekiest one\google drive\school\westminster (uow)\tashkent\redrum\bot\visualstudio\release\redrum\microdefilers.obj
c:\users\the geekiest one\google drive\school\westminster (uow)\tashkent\redrum\bot\visualstudio\release\redrum\microdetectors.obj
c:\users\the geekiest one\google drive\school\westminster (uow)\tashkent\redrum\bot\visualstudio\release\redrum\microhightemplar.obj
c:\users\the geekiest one\google drive\school\westminster (uow)\tashkent\redrum\bot\visualstudio\release\redrum\microlurkers.obj
c:\users\the geekiest one\google drive\school\westminster (uow)\tashkent\redrum\bot\visualstudio\release\redrum\micromanager.obj
c:\users\the geekiest one\google drive\school\westminster (uow)\tashkent\redrum\bot\visualstudio\release\redrum\config.obj
c:\users\the geekiest one\google drive\school\westminster (uow)\tashkent\redrum\bot\visualstudio\release\redrum\micro.obj
c:\users\the geekiest one\google drive\school\westminster (uow)\tashkent\redrum\bot\visualstudio\release\redrum\micromedics.obj
c:\users\the geekiest one\google drive\school\westminster (uow)\tashkent\redrum\bot\visualstudio\release\redrum\micromelee.obj
c:\users\the geekiest one\google drive\school\westminster (uow)\tashkent\redrum\bot\visualstudio\release\redrum\micromutas.obj
c:\users\the geekiest one\google drive\school\westminster (uow)\tashkent\redrum\bot\visualstudio\release\redrum\microoverlords.obj
c:\users\the geekiest one\google drive\school\westminster (uow)\tashkent\redrum\bot\visualstudio\release\redrum\microranged.obj
c:\users\the geekiest one\google drive\school\westminster (uow)\tashkent\redrum\bot\visualstudio\release\redrum\microscourge.obj
c:\users\the geekiest one\google drive\school\westminster (uow)\tashkent\redrum\bot\visualstudio\release\redrum\microtanks.obj
c:\users\the geekiest one\google drive\school\westminster (uow)\tashkent\redrum\bot\visualstudio\release\redrum\microtransports.obj
c:\users\the geekiest one\google drive\school\westminster (uow)\tashkent\redrum\bot\visualstudio\release\redrum\opponentmodel.obj
c:\users\the geekiest one\google drive\school\westminster (uow)\tashkent\redrum\bot\visualstudio\release\redrum\opponentplan.obj
c:\users\the geekiest one\google drive\school\westminster (uow)\tashkent\redrum\bot\visualstudio\release\redrum\opsboss.obj
c:\users\the geekiest one\google drive\school\westminster (uow)\tashkent\redrum\bot\visualstudio\release\redrum\parseutils.obj
c:\users\the geekiest one\google drive\school\westminster (uow)\tashkent\redrum\bot\visualstudio\release\redrum\playersnapshot.obj
c:\users\the geekiest one\google drive\school\westminster (uow)\tashkent\redrum\bot\visualstudio\release\redrum\productiongoal.obj
c:\users\the geekiest one\google drive\school\westminster (uow)\tashkent\redrum\bot\visualstudio\release\redrum\random.obj
c:\users\the geekiest one\google drive\school\westminster (uow)\tashkent\redrum\bot\visualstudio\release\redrum\region.obj
c:\users\the geekiest one\google drive\school\westminster (uow)\tashkent\redrum\bot\visualstudio\release\redrum\regions.obj
c:\users\the geekiest one\google drive\school\westminster (uow)\tashkent\redrum\bot\visualstudio\release\redrum\squad.obj
c:\users\the geekiest one\google drive\school\westminster (uow)\tashkent\redrum\bot\visualstudio\release\redrum\squaddata.obj
c:\users\the geekiest one\google drive\school\westminster (uow)\tashkent\redrum\bot\visualstudio\release\redrum\strategybosszerg.obj
c:\users\the geekiest one\google drive\school\westminster (uow)\tashkent\redrum\bot\visualstudio\release\redrum\the.obj
c:\users\the geekiest one\google drive\school\westminster (uow)\tashkent\redrum\bot\visualstudio\release\redrum\timermanager.obj
c:\users\the geekiest one\google drive\school\westminster (uow)\tashkent\redrum\bot\visualstudio\release\redrum\uabassert.obj
c:\users\the geekiest one\google drive\school\westminster (uow)\tashkent\redrum\bot\visualstudio\release\redrum\unitdata.obj
c:\users\the geekiest one\google drive\school\westminster (uow)\tashkent\redrum\bot\visualstudio\release\redrum\unitutil.obj
c:\users\the geekiest one\google drive\school\westminster (uow)\tashkent\redrum\bot\visualstudio\release\redrum\workerdata.obj
c:\users\the geekiest one\google drive\school\westminster (uow)\tashkent\redrum\bot\visualstudio\release\redrum\workermanager.obj
c:\users\the geekiest one\google drive\school\westminster (uow)\tashkent\redrum\bot\visualstudio\release\redrum\buildorderqueue.obj
c:\users\the geekiest one\google drive\school\westminster (uow)\tashkent\redrum\bot\visualstudio\release\redrum\dll.obj
c:\users\the geekiest one\google drive\school\westminster (uow)\tashkent\redrum\bot\visualstudio\release\redrum\scoutmanager.obj
c:\users\the geekiest one\google drive\school\westminster (uow)\tashkent\redrum\bot\visualstudio\release\redrum\gamerecord.obj
c:\users\the geekiest one\google drive\school\westminster (uow)\tashkent\redrum\bot\visualstudio\release\redrum\vc120.pdb
c:\users\the geekiest one\google drive\school\westminster (uow)\tashkent\redrum\bot\visualstudio\release\redrum\redrum.tlog\cl.command.1.tlog
c:\users\the geekiest one\google drive\school\westminster (uow)\tashkent\redrum\bot\visualstudio\release\redrum\redrum.tlog\cl.read.1.tlog
c:\users\the geekiest one\google drive\school\westminster (uow)\tashkent\redrum\bot\visualstudio\release\redrum\redrum.tlog\cl.write.1.tlog
