  Base.cpp
  Bases.cpp
  BOSSManager.cpp
  BuildingManager.cpp
  BuildingPlacer.cpp
  BuildOrder.cpp
  BuildOrderQueue.cpp
  CombatSimulation.cpp
  CombatCommander.cpp
  Common.cpp
  Dll.cpp
  FAP.cpp
  GameCommander.cpp
  GameRecord.cpp
  Grid.cpp
  GridAttacks.cpp
  GridDistances.cpp
  GridInset.cpp
  GridRoom.cpp
  GridTileRoom.cpp
  GridWalk.cpp
  GridZone.cpp
  InformationManager.cpp
  JSONTools.cpp
  Logger.cpp
  MacroAct.cpp
  MapGrid.cpp
  MapPartitions.cpp
  MapTools.cpp
  MicroAirToAir.cpp
  MicroDefilers.cpp
  MicroDetectors.cpp
  MicroHighTemplar.cpp
  MicroLurkers.cpp
  MicroManager.cpp
  Config.cpp
  Micro.cpp
  MicroMedics.cpp
  MicroMelee.cpp
  MicroMutas.cpp
  MicroOverlords.cpp
  MicroRanged.cpp
  MicroScourge.cpp
  MicroTanks.cpp
  MicroTransports.cpp
  OpponentModel.cpp
  OpponentPlan.cpp
  OpsBoss.cpp
  ParseUtils.cpp
  PlayerSnapshot.cpp
  ProductionGoal.cpp
  ProductionManager.cpp
  Random.cpp
  Region.cpp
  Regions.cpp
  ScoutManager.cpp
  Squad.cpp
  SquadData.cpp
  StrategyBossZerg.cpp
  StrategyManager.cpp
  The.cpp
  TimerManager.cpp
  UABAssert.cpp
  UAlbertaBotModule.cpp
  UnitData.cpp
  UnitUtil.cpp
  WorkerData.cpp
  WorkerManager.cpp
     Creating library C:\Users\The Geekiest One\Google Drive\School\Westminster (UoW)\Tashkent\RedRum\Bot\VisualStudio\\..\bin\RedRum.lib and object C:\Users\The Geekiest One\Google Drive\School\Westminster (UoW)\Tashkent\RedRum\Bot\VisualStudio\\..\bin\RedRum.exp
  Generating code
  Finished generating code
  UAlbertaBot.vcxproj -> C:\Users\The Geekiest One\Google Drive\School\Westminster (UoW)\Tashkent\RedRum\Bot\VisualStudio\\..\bin\RedRum.dll
