c:\users\the geekiest one\google drive\school\westminster (uow)\tashkent\redrum\bot\visualstudio\debug\redrum\vc120.pdb
c:\users\the geekiest one\google drive\school\westminster (uow)\tashkent\redrum\bot\visualstudio\debug\redrum\base.obj
c:\users\the geekiest one\google drive\school\westminster (uow)\tashkent\redrum\bot\visualstudio\debug\redrum\bases.obj
c:\users\the geekiest one\google drive\school\westminster (uow)\tashkent\redrum\bot\visualstudio\debug\redrum\bossmanager.obj
c:\users\the geekiest one\google drive\school\westminster (uow)\tashkent\redrum\bot\visualstudio\debug\redrum\buildingmanager.obj
c:\users\the geekiest one\google drive\school\westminster (uow)\tashkent\redrum\bot\visualstudio\debug\redrum\buildingplacer.obj
c:\users\the geekiest one\google drive\school\westminster (uow)\tashkent\redrum\bot\visualstudio\debug\redrum\buildorder.obj
c:\users\the geekiest one\google drive\school\westminster (uow)\tashkent\redrum\bot\visualstudio\debug\redrum\buildorderqueue.obj
c:\users\the geekiest one\google drive\school\westminster (uow)\tashkent\redrum\bot\visualstudio\debug\redrum\combatcommander.obj
c:\users\the geekiest one\google drive\school\westminster (uow)\tashkent\redrum\bot\visualstudio\debug\redrum\combatsimulation.obj
c:\users\the geekiest one\google drive\school\westminster (uow)\tashkent\redrum\bot\visualstudio\debug\redrum\common.obj
c:\users\the geekiest one\google drive\school\westminster (uow)\tashkent\redrum\bot\visualstudio\debug\redrum\config.obj
c:\users\the geekiest one\google drive\school\westminster (uow)\tashkent\redrum\bot\visualstudio\debug\redrum\dll.obj
c:\users\the geekiest one\google drive\school\westminster (uow)\tashkent\redrum\bot\visualstudio\debug\redrum\fap.obj
c:\users\the geekiest one\google drive\school\westminster (uow)\tashkent\redrum\bot\visualstudio\debug\redrum\gamecommander.obj
c:\users\the geekiest one\google drive\school\westminster (uow)\tashkent\redrum\bot\visualstudio\debug\redrum\gamerecord.obj
c:\users\the geekiest one\google drive\school\westminster (uow)\tashkent\redrum\bot\visualstudio\debug\redrum\grid.obj
c:\users\the geekiest one\google drive\school\westminster (uow)\tashkent\redrum\bot\visualstudio\debug\redrum\gridattacks.obj
c:\users\the geekiest one\google drive\school\westminster (uow)\tashkent\redrum\bot\visualstudio\debug\redrum\griddistances.obj
c:\users\the geekiest one\google drive\school\westminster (uow)\tashkent\redrum\bot\visualstudio\debug\redrum\gridinset.obj
c:\users\the geekiest one\google drive\school\westminster (uow)\tashkent\redrum\bot\visualstudio\debug\redrum\gridroom.obj
c:\users\the geekiest one\google drive\school\westminster (uow)\tashkent\redrum\bot\visualstudio\debug\redrum\gridtileroom.obj
c:\users\the geekiest one\google drive\school\westminster (uow)\tashkent\redrum\bot\visualstudio\debug\redrum\gridwalk.obj
c:\users\the geekiest one\google drive\school\westminster (uow)\tashkent\redrum\bot\visualstudio\debug\redrum\gridzone.obj
c:\users\the geekiest one\google drive\school\westminster (uow)\tashkent\redrum\bot\visualstudio\debug\redrum\informationmanager.obj
c:\users\the geekiest one\google drive\school\westminster (uow)\tashkent\redrum\bot\visualstudio\debug\redrum\jsontools.obj
c:\users\the geekiest one\google drive\school\westminster (uow)\tashkent\redrum\bot\visualstudio\debug\redrum\logger.obj
c:\users\the geekiest one\google drive\school\westminster (uow)\tashkent\redrum\bot\visualstudio\debug\redrum\macroact.obj
c:\users\the geekiest one\google drive\school\westminster (uow)\tashkent\redrum\bot\visualstudio\debug\redrum\mapgrid.obj
c:\users\the geekiest one\google drive\school\westminster (uow)\tashkent\redrum\bot\visualstudio\debug\redrum\mappartitions.obj
c:\users\the geekiest one\google drive\school\westminster (uow)\tashkent\redrum\bot\visualstudio\debug\redrum\maptools.obj
c:\users\the geekiest one\google drive\school\westminster (uow)\tashkent\redrum\bot\visualstudio\debug\redrum\micro.obj
c:\users\the geekiest one\google drive\school\westminster (uow)\tashkent\redrum\bot\visualstudio\debug\redrum\microairtoair.obj
c:\users\the geekiest one\google drive\school\westminster (uow)\tashkent\redrum\bot\visualstudio\debug\redrum\microdefilers.obj
c:\users\the geekiest one\google drive\school\westminster (uow)\tashkent\redrum\bot\visualstudio\debug\redrum\microdetectors.obj
c:\users\the geekiest one\google drive\school\westminster (uow)\tashkent\redrum\bot\visualstudio\debug\redrum\microhightemplar.obj
c:\users\the geekiest one\google drive\school\westminster (uow)\tashkent\redrum\bot\visualstudio\debug\redrum\microlurkers.obj
c:\users\the geekiest one\google drive\school\westminster (uow)\tashkent\redrum\bot\visualstudio\debug\redrum\micromanager.obj
c:\users\the geekiest one\google drive\school\westminster (uow)\tashkent\redrum\bot\visualstudio\debug\redrum\micromedics.obj
c:\users\the geekiest one\google drive\school\westminster (uow)\tashkent\redrum\bot\visualstudio\debug\redrum\micromelee.obj
c:\users\the geekiest one\google drive\school\westminster (uow)\tashkent\redrum\bot\visualstudio\debug\redrum\micromutas.obj
c:\users\the geekiest one\google drive\school\westminster (uow)\tashkent\redrum\bot\visualstudio\debug\redrum\microoverlords.obj
c:\users\the geekiest one\google drive\school\westminster (uow)\tashkent\redrum\bot\visualstudio\debug\redrum\microranged.obj
c:\users\the geekiest one\google drive\school\westminster (uow)\tashkent\redrum\bot\visualstudio\debug\redrum\microscourge.obj
c:\users\the geekiest one\google drive\school\westminster (uow)\tashkent\redrum\bot\visualstudio\debug\redrum\microtanks.obj
c:\users\the geekiest one\google drive\school\westminster (uow)\tashkent\redrum\bot\visualstudio\debug\redrum\microtransports.obj
c:\users\the geekiest one\google drive\school\westminster (uow)\tashkent\redrum\bot\visualstudio\debug\redrum\opponentmodel.obj
c:\users\the geekiest one\google drive\school\westminster (uow)\tashkent\redrum\bot\visualstudio\debug\redrum\opponentplan.obj
c:\users\the geekiest one\google drive\school\westminster (uow)\tashkent\redrum\bot\visualstudio\debug\redrum\opsboss.obj
c:\users\the geekiest one\google drive\school\westminster (uow)\tashkent\redrum\bot\visualstudio\debug\redrum\parseutils.obj
c:\users\the geekiest one\google drive\school\westminster (uow)\tashkent\redrum\bot\visualstudio\debug\redrum\playersnapshot.obj
c:\users\the geekiest one\google drive\school\westminster (uow)\tashkent\redrum\bot\visualstudio\debug\redrum\productiongoal.obj
c:\users\the geekiest one\google drive\school\westminster (uow)\tashkent\redrum\bot\visualstudio\debug\redrum\productionmanager.obj
c:\users\the geekiest one\google drive\school\westminster (uow)\tashkent\redrum\bot\visualstudio\debug\redrum\random.obj
c:\users\the geekiest one\google drive\school\westminster (uow)\tashkent\redrum\bot\visualstudio\debug\redrum\region.obj
c:\users\the geekiest one\google drive\school\westminster (uow)\tashkent\redrum\bot\visualstudio\debug\redrum\regions.obj
c:\users\the geekiest one\google drive\school\westminster (uow)\tashkent\redrum\bot\visualstudio\debug\redrum\scoutmanager.obj
c:\users\the geekiest one\google drive\school\westminster (uow)\tashkent\redrum\bot\visualstudio\debug\redrum\squad.obj
c:\users\the geekiest one\google drive\school\westminster (uow)\tashkent\redrum\bot\visualstudio\debug\redrum\squaddata.obj
c:\users\the geekiest one\google drive\school\westminster (uow)\tashkent\redrum\bot\visualstudio\debug\redrum\strategybosszerg.obj
c:\users\the geekiest one\google drive\school\westminster (uow)\tashkent\redrum\bot\visualstudio\debug\redrum\strategymanager.obj
c:\users\the geekiest one\google drive\school\westminster (uow)\tashkent\redrum\bot\visualstudio\debug\redrum\the.obj
c:\users\the geekiest one\google drive\school\westminster (uow)\tashkent\redrum\bot\visualstudio\debug\redrum\timermanager.obj
c:\users\the geekiest one\google drive\school\westminster (uow)\tashkent\redrum\bot\visualstudio\debug\redrum\uabassert.obj
c:\users\the geekiest one\google drive\school\westminster (uow)\tashkent\redrum\bot\visualstudio\debug\redrum\ualbertabotmodule.obj
c:\users\the geekiest one\google drive\school\westminster (uow)\tashkent\redrum\bot\visualstudio\debug\redrum\unitdata.obj
c:\users\the geekiest one\google drive\school\westminster (uow)\tashkent\redrum\bot\visualstudio\debug\redrum\unitutil.obj
c:\users\the geekiest one\google drive\school\westminster (uow)\tashkent\redrum\bot\visualstudio\debug\redrum\workerdata.obj
c:\users\the geekiest one\google drive\school\westminster (uow)\tashkent\redrum\bot\visualstudio\debug\redrum\workermanager.obj
c:\users\the geekiest one\google drive\school\westminster (uow)\tashkent\redrum\bot\visualstudio\debug\redrum\vc120.idb
c:\users\the geekiest one\google drive\school\westminster (uow)\tashkent\redrum\bot\visualstudio\debug\redrum\redrum.tlog\cl.command.1.tlog
c:\users\the geekiest one\google drive\school\westminster (uow)\tashkent\redrum\bot\visualstudio\debug\redrum\redrum.tlog\cl.read.1.tlog
c:\users\the geekiest one\google drive\school\westminster (uow)\tashkent\redrum\bot\visualstudio\debug\redrum\redrum.tlog\cl.write.1.tlog
c:\users\the geekiest one\google drive\school\westminster (uow)\tashkent\redrum\bot\visualstudio\debug\redrum\redrum.tlog\link.command.1.tlog
c:\users\the geekiest one\google drive\school\westminster (uow)\tashkent\redrum\bot\visualstudio\debug\redrum\redrum.tlog\link.read.1.tlog
c:\users\the geekiest one\google drive\school\westminster (uow)\tashkent\redrum\bot\visualstudio\debug\redrum\redrum.tlog\link.write.1.tlog
