  Base.cpp
  Bases.cpp
  BOSSManager.cpp
  BuildingManager.cpp
  BuildingPlacer.cpp
  BuildOrder.cpp
  BuildOrderQueue.cpp
  CombatSimulation.cpp
  CombatCommander.cpp
  Common.cpp
  Dll.cpp
  FAP.cpp
  GameCommander.cpp
  GameRecord.cpp
  Grid.cpp
  GridAttacks.cpp
  GridDistances.cpp
  GridInset.cpp
  GridRoom.cpp
  GridTileRoom.cpp
  GridWalk.cpp
  GridZone.cpp
  InformationManager.cpp
  JSONTools.cpp
  Logger.cpp
  MacroAct.cpp
  MapGrid.cpp
  MapPartitions.cpp
  MapTools.cpp
c:\users\the geekiest one\google drive\school\westminster (uow)\tashkent\redrum\bot\source\logger.cpp(47): warning C4996: 'fopen': This function or variable may be unsafe. Consider using fopen_s instead. To disable deprecation, use _CRT_SECURE_NO_WARNINGS. See online help for details.
          c:\program files (x86)\microsoft visual studio 12.0\vc\include\stdio.h(211) : see declaration of 'fopen'
  MicroAirToAir.cpp
  MicroDefilers.cpp
  MicroDetectors.cpp
  MicroHighTemplar.cpp
  MicroLurkers.cpp
  MicroManager.cpp
  Config.cpp
  Micro.cpp
  MicroMedics.cpp
  MicroMelee.cpp
  MicroMutas.cpp
  MicroOverlords.cpp
  MicroRanged.cpp
  MicroScourge.cpp
  MicroTanks.cpp
  MicroTransports.cpp
  OpponentModel.cpp
  OpponentPlan.cpp
  OpsBoss.cpp
  ParseUtils.cpp
  PlayerSnapshot.cpp
  ProductionGoal.cpp
  ProductionManager.cpp
  Random.cpp
  Region.cpp
  Regions.cpp
  ScoutManager.cpp
  Squad.cpp
  SquadData.cpp
  StrategyBossZerg.cpp
  StrategyManager.cpp
  The.cpp
  TimerManager.cpp
  UABAssert.cpp
  UAlbertaBotModule.cpp
  UnitData.cpp
  UnitUtil.cpp
  WorkerData.cpp
  WorkerManager.cpp
LINK : fatal error LNK1104: cannot open file 'Debug/SparCraft/SparCraft_d.lib'
