c:\users\the geekiest one\google drive\school\westminster (uow)\tashkent\redrum\bot\visualstudio\debug\boss\vc120.pdb
c:\users\the geekiest one\google drive\school\westminster (uow)\tashkent\redrum\boss\bin\boss_d.lib
c:\users\the geekiest one\google drive\school\westminster (uow)\tashkent\redrum\bot\visualstudio\debug\boss\actioninprogress.obj
c:\users\the geekiest one\google drive\school\westminster (uow)\tashkent\redrum\bot\visualstudio\debug\boss\actionset.obj
c:\users\the geekiest one\google drive\school\westminster (uow)\tashkent\redrum\bot\visualstudio\debug\boss\actiontype.obj
c:\users\the geekiest one\google drive\school\westminster (uow)\tashkent\redrum\bot\visualstudio\debug\boss\actiontypedata.obj
c:\users\the geekiest one\google drive\school\westminster (uow)\tashkent\redrum\bot\visualstudio\debug\boss\boss.obj
c:\users\the geekiest one\google drive\school\westminster (uow)\tashkent\redrum\bot\visualstudio\debug\boss\bossassert.obj
c:\users\the geekiest one\google drive\school\westminster (uow)\tashkent\redrum\bot\visualstudio\debug\boss\bossexception.obj
c:\users\the geekiest one\google drive\school\westminster (uow)\tashkent\redrum\bot\visualstudio\debug\boss\bosslogger.obj
c:\users\the geekiest one\google drive\school\westminster (uow)\tashkent\redrum\bot\visualstudio\debug\boss\buildingdata.obj
c:\users\the geekiest one\google drive\school\westminster (uow)\tashkent\redrum\bot\visualstudio\debug\boss\buildorder.obj
c:\users\the geekiest one\google drive\school\westminster (uow)\tashkent\redrum\bot\visualstudio\debug\boss\buildorderplot.obj
c:\users\the geekiest one\google drive\school\westminster (uow)\tashkent\redrum\bot\visualstudio\debug\boss\buildordersearchgoal.obj
c:\users\the geekiest one\google drive\school\westminster (uow)\tashkent\redrum\bot\visualstudio\debug\boss\combatsearch.obj
c:\users\the geekiest one\google drive\school\westminster (uow)\tashkent\redrum\bot\visualstudio\debug\boss\combatsearchparameters.obj
c:\users\the geekiest one\google drive\school\westminster (uow)\tashkent\redrum\bot\visualstudio\debug\boss\combatsearchresults.obj
c:\users\the geekiest one\google drive\school\westminster (uow)\tashkent\redrum\bot\visualstudio\debug\boss\combatsearch_bestresponse.obj
c:\users\the geekiest one\google drive\school\westminster (uow)\tashkent\redrum\bot\visualstudio\debug\boss\combatsearch_bestresponsedata.obj
c:\users\the geekiest one\google drive\school\westminster (uow)\tashkent\redrum\bot\visualstudio\debug\boss\combatsearch_bucket.obj
c:\users\the geekiest one\google drive\school\westminster (uow)\tashkent\redrum\bot\visualstudio\debug\boss\combatsearch_bucketdata.obj
c:\users\the geekiest one\google drive\school\westminster (uow)\tashkent\redrum\bot\visualstudio\debug\boss\combatsearch_integral.obj
c:\users\the geekiest one\google drive\school\westminster (uow)\tashkent\redrum\bot\visualstudio\debug\boss\combatsearch_integraldata.obj
c:\users\the geekiest one\google drive\school\westminster (uow)\tashkent\redrum\bot\visualstudio\debug\boss\constants.obj
c:\users\the geekiest one\google drive\school\westminster (uow)\tashkent\redrum\bot\visualstudio\debug\boss\dfbb_buildordersearchparameters.obj
c:\users\the geekiest one\google drive\school\westminster (uow)\tashkent\redrum\bot\visualstudio\debug\boss\dfbb_buildordersearchresults.obj
c:\users\the geekiest one\google drive\school\westminster (uow)\tashkent\redrum\bot\visualstudio\debug\boss\dfbb_buildordersmartsearch.obj
c:\users\the geekiest one\google drive\school\westminster (uow)\tashkent\redrum\bot\visualstudio\debug\boss\dfbb_buildorderstacksearch.obj
c:\users\the geekiest one\google drive\school\westminster (uow)\tashkent\redrum\bot\visualstudio\debug\boss\eval.obj
c:\users\the geekiest one\google drive\school\westminster (uow)\tashkent\redrum\bot\visualstudio\debug\boss\gamestate.obj
c:\users\the geekiest one\google drive\school\westminster (uow)\tashkent\redrum\bot\visualstudio\debug\boss\hatcherydata.obj
c:\users\the geekiest one\google drive\school\westminster (uow)\tashkent\redrum\bot\visualstudio\debug\boss\jsontools.obj
c:\users\the geekiest one\google drive\school\westminster (uow)\tashkent\redrum\bot\visualstudio\debug\boss\naivebuildordersearch.obj
c:\users\the geekiest one\google drive\school\westminster (uow)\tashkent\redrum\bot\visualstudio\debug\boss\prerequisiteset.obj
c:\users\the geekiest one\google drive\school\westminster (uow)\tashkent\redrum\bot\visualstudio\debug\boss\tools.obj
c:\users\the geekiest one\google drive\school\westminster (uow)\tashkent\redrum\bot\visualstudio\debug\boss\unitdata.obj
c:\users\the geekiest one\google drive\school\westminster (uow)\tashkent\redrum\bot\visualstudio\debug\boss\vc120.idb
c:\users\the geekiest one\google drive\school\westminster (uow)\tashkent\redrum\boss\visualstudio\../bin/boss_d.lib
c:\users\the geekiest one\google drive\school\westminster (uow)\tashkent\redrum\bot\visualstudio\debug\boss\boss.tlog\cl.command.1.tlog
c:\users\the geekiest one\google drive\school\westminster (uow)\tashkent\redrum\bot\visualstudio\debug\boss\boss.tlog\cl.read.1.tlog
c:\users\the geekiest one\google drive\school\westminster (uow)\tashkent\redrum\bot\visualstudio\debug\boss\boss.tlog\cl.write.1.tlog
c:\users\the geekiest one\google drive\school\westminster (uow)\tashkent\redrum\bot\visualstudio\debug\boss\boss.tlog\lib-link.read.1.tlog
c:\users\the geekiest one\google drive\school\westminster (uow)\tashkent\redrum\bot\visualstudio\debug\boss\boss.tlog\lib-link.write.1.tlog
c:\users\the geekiest one\google drive\school\westminster (uow)\tashkent\redrum\bot\visualstudio\debug\boss\boss.tlog\lib.command.1.tlog
