  ActionInProgress.cpp
  ActionSet.cpp
  ActionType.cpp
  ActionTypeData.cpp
  BOSSAssert.cpp
  BOSSException.cpp
  BuildOrder.cpp
  BuildOrderPlot.cpp
  CombatSearch.cpp
  BOSS.cpp
  BuildingData.cpp
  CombatSearch_BestResponse.cpp
  CombatSearch_BestResponseData.cpp
  CombatSearch_Bucket.cpp
  CombatSearch_BucketData.cpp
  CombatSearch_IntegralData.cpp
  CombatSearchParameters.cpp
  CombatSearchResults.cpp
  CombatSearch_Integral.cpp
  Constants.cpp
  BuildOrderSearchGoal.cpp
  DFBB_BuildOrderSearchParameters.cpp
  DFBB_BuildOrderSearchResults.cpp
  DFBB_BuildOrderSmartSearch.cpp
  DFBB_BuildOrderStackSearch.cpp
  Eval.cpp
  GameState.cpp
  HatcheryData.cpp
  BOSSLogger.cpp
  JSONTools.cpp
  NaiveBuildOrderSearch.cpp
  PrerequisiteSet.cpp
  Tools.cpp
  UnitData.cpp
  BOSS.vcxproj -> C:\Users\The Geekiest One\Google Drive\School\Westminster (UoW)\Tashkent\RedRum\BOSS\VisualStudio\../bin/BOSS.lib
