c:\users\the geekiest one\google drive\school\westminster (uow)\tashkent\redrum\boss\bin\boss.bsc
c:\users\the geekiest one\google drive\school\westminster (uow)\tashkent\redrum\bot\visualstudio\release\boss\vc120.pdb
c:\users\the geekiest one\google drive\school\westminster (uow)\tashkent\redrum\boss\bin\boss.lib
c:\users\the geekiest one\google drive\school\westminster (uow)\tashkent\redrum\bot\visualstudio\release\boss\actioninprogress.obj
c:\users\the geekiest one\google drive\school\westminster (uow)\tashkent\redrum\bot\visualstudio\release\boss\actionset.obj
c:\users\the geekiest one\google drive\school\westminster (uow)\tashkent\redrum\bot\visualstudio\release\boss\actiontype.obj
c:\users\the geekiest one\google drive\school\westminster (uow)\tashkent\redrum\bot\visualstudio\release\boss\actiontypedata.obj
c:\users\the geekiest one\google drive\school\westminster (uow)\tashkent\redrum\bot\visualstudio\release\boss\boss.obj
c:\users\the geekiest one\google drive\school\westminster (uow)\tashkent\redrum\bot\visualstudio\release\boss\bossassert.obj
c:\users\the geekiest one\google drive\school\westminster (uow)\tashkent\redrum\bot\visualstudio\release\boss\bossexception.obj
c:\users\the geekiest one\google drive\school\westminster (uow)\tashkent\redrum\bot\visualstudio\release\boss\bosslogger.obj
c:\users\the geekiest one\google drive\school\westminster (uow)\tashkent\redrum\bot\visualstudio\release\boss\buildingdata.obj
c:\users\the geekiest one\google drive\school\westminster (uow)\tashkent\redrum\bot\visualstudio\release\boss\buildorder.obj
c:\users\the geekiest one\google drive\school\westminster (uow)\tashkent\redrum\bot\visualstudio\release\boss\buildorderplot.obj
c:\users\the geekiest one\google drive\school\westminster (uow)\tashkent\redrum\bot\visualstudio\release\boss\buildordersearchgoal.obj
c:\users\the geekiest one\google drive\school\westminster (uow)\tashkent\redrum\bot\visualstudio\release\boss\combatsearch.obj
c:\users\the geekiest one\google drive\school\westminster (uow)\tashkent\redrum\bot\visualstudio\release\boss\combatsearchparameters.obj
c:\users\the geekiest one\google drive\school\westminster (uow)\tashkent\redrum\bot\visualstudio\release\boss\combatsearchresults.obj
c:\users\the geekiest one\google drive\school\westminster (uow)\tashkent\redrum\bot\visualstudio\release\boss\combatsearch_bestresponse.obj
c:\users\the geekiest one\google drive\school\westminster (uow)\tashkent\redrum\bot\visualstudio\release\boss\combatsearch_bestresponsedata.obj
c:\users\the geekiest one\google drive\school\westminster (uow)\tashkent\redrum\bot\visualstudio\release\boss\combatsearch_bucket.obj
c:\users\the geekiest one\google drive\school\westminster (uow)\tashkent\redrum\bot\visualstudio\release\boss\combatsearch_bucketdata.obj
c:\users\the geekiest one\google drive\school\westminster (uow)\tashkent\redrum\bot\visualstudio\release\boss\combatsearch_integral.obj
c:\users\the geekiest one\google drive\school\westminster (uow)\tashkent\redrum\bot\visualstudio\release\boss\combatsearch_integraldata.obj
c:\users\the geekiest one\google drive\school\westminster (uow)\tashkent\redrum\bot\visualstudio\release\boss\constants.obj
c:\users\the geekiest one\google drive\school\westminster (uow)\tashkent\redrum\bot\visualstudio\release\boss\dfbb_buildordersearchparameters.obj
c:\users\the geekiest one\google drive\school\westminster (uow)\tashkent\redrum\bot\visualstudio\release\boss\dfbb_buildordersearchresults.obj
c:\users\the geekiest one\google drive\school\westminster (uow)\tashkent\redrum\bot\visualstudio\release\boss\dfbb_buildordersmartsearch.obj
c:\users\the geekiest one\google drive\school\westminster (uow)\tashkent\redrum\bot\visualstudio\release\boss\dfbb_buildorderstacksearch.obj
c:\users\the geekiest one\google drive\school\westminster (uow)\tashkent\redrum\bot\visualstudio\release\boss\eval.obj
c:\users\the geekiest one\google drive\school\westminster (uow)\tashkent\redrum\bot\visualstudio\release\boss\gamestate.obj
c:\users\the geekiest one\google drive\school\westminster (uow)\tashkent\redrum\bot\visualstudio\release\boss\hatcherydata.obj
c:\users\the geekiest one\google drive\school\westminster (uow)\tashkent\redrum\bot\visualstudio\release\boss\jsontools.obj
c:\users\the geekiest one\google drive\school\westminster (uow)\tashkent\redrum\bot\visualstudio\release\boss\naivebuildordersearch.obj
c:\users\the geekiest one\google drive\school\westminster (uow)\tashkent\redrum\bot\visualstudio\release\boss\prerequisiteset.obj
c:\users\the geekiest one\google drive\school\westminster (uow)\tashkent\redrum\bot\visualstudio\release\boss\tools.obj
c:\users\the geekiest one\google drive\school\westminster (uow)\tashkent\redrum\bot\visualstudio\release\boss\unitdata.obj
c:\users\the geekiest one\google drive\school\westminster (uow)\tashkent\redrum\bot\visualstudio\release\boss\actioninprogress.sbr
c:\users\the geekiest one\google drive\school\westminster (uow)\tashkent\redrum\bot\visualstudio\release\boss\actionset.sbr
c:\users\the geekiest one\google drive\school\westminster (uow)\tashkent\redrum\bot\visualstudio\release\boss\actiontype.sbr
c:\users\the geekiest one\google drive\school\westminster (uow)\tashkent\redrum\bot\visualstudio\release\boss\actiontypedata.sbr
c:\users\the geekiest one\google drive\school\westminster (uow)\tashkent\redrum\bot\visualstudio\release\boss\boss.sbr
c:\users\the geekiest one\google drive\school\westminster (uow)\tashkent\redrum\bot\visualstudio\release\boss\bossassert.sbr
c:\users\the geekiest one\google drive\school\westminster (uow)\tashkent\redrum\bot\visualstudio\release\boss\bossexception.sbr
c:\users\the geekiest one\google drive\school\westminster (uow)\tashkent\redrum\bot\visualstudio\release\boss\bosslogger.sbr
c:\users\the geekiest one\google drive\school\westminster (uow)\tashkent\redrum\bot\visualstudio\release\boss\buildingdata.sbr
c:\users\the geekiest one\google drive\school\westminster (uow)\tashkent\redrum\bot\visualstudio\release\boss\buildorder.sbr
c:\users\the geekiest one\google drive\school\westminster (uow)\tashkent\redrum\bot\visualstudio\release\boss\buildorderplot.sbr
c:\users\the geekiest one\google drive\school\westminster (uow)\tashkent\redrum\bot\visualstudio\release\boss\buildordersearchgoal.sbr
c:\users\the geekiest one\google drive\school\westminster (uow)\tashkent\redrum\bot\visualstudio\release\boss\combatsearch.sbr
c:\users\the geekiest one\google drive\school\westminster (uow)\tashkent\redrum\bot\visualstudio\release\boss\combatsearchparameters.sbr
c:\users\the geekiest one\google drive\school\westminster (uow)\tashkent\redrum\bot\visualstudio\release\boss\combatsearchresults.sbr
c:\users\the geekiest one\google drive\school\westminster (uow)\tashkent\redrum\bot\visualstudio\release\boss\combatsearch_bestresponse.sbr
c:\users\the geekiest one\google drive\school\westminster (uow)\tashkent\redrum\bot\visualstudio\release\boss\combatsearch_bestresponsedata.sbr
c:\users\the geekiest one\google drive\school\westminster (uow)\tashkent\redrum\bot\visualstudio\release\boss\combatsearch_bucket.sbr
c:\users\the geekiest one\google drive\school\westminster (uow)\tashkent\redrum\bot\visualstudio\release\boss\combatsearch_bucketdata.sbr
c:\users\the geekiest one\google drive\school\westminster (uow)\tashkent\redrum\bot\visualstudio\release\boss\combatsearch_integral.sbr
c:\users\the geekiest one\google drive\school\westminster (uow)\tashkent\redrum\bot\visualstudio\release\boss\combatsearch_integraldata.sbr
c:\users\the geekiest one\google drive\school\westminster (uow)\tashkent\redrum\bot\visualstudio\release\boss\constants.sbr
c:\users\the geekiest one\google drive\school\westminster (uow)\tashkent\redrum\bot\visualstudio\release\boss\dfbb_buildordersearchparameters.sbr
c:\users\the geekiest one\google drive\school\westminster (uow)\tashkent\redrum\bot\visualstudio\release\boss\dfbb_buildordersearchresults.sbr
c:\users\the geekiest one\google drive\school\westminster (uow)\tashkent\redrum\bot\visualstudio\release\boss\dfbb_buildordersmartsearch.sbr
c:\users\the geekiest one\google drive\school\westminster (uow)\tashkent\redrum\bot\visualstudio\release\boss\dfbb_buildorderstacksearch.sbr
c:\users\the geekiest one\google drive\school\westminster (uow)\tashkent\redrum\bot\visualstudio\release\boss\eval.sbr
c:\users\the geekiest one\google drive\school\westminster (uow)\tashkent\redrum\bot\visualstudio\release\boss\gamestate.sbr
c:\users\the geekiest one\google drive\school\westminster (uow)\tashkent\redrum\bot\visualstudio\release\boss\hatcherydata.sbr
c:\users\the geekiest one\google drive\school\westminster (uow)\tashkent\redrum\bot\visualstudio\release\boss\jsontools.sbr
c:\users\the geekiest one\google drive\school\westminster (uow)\tashkent\redrum\bot\visualstudio\release\boss\naivebuildordersearch.sbr
c:\users\the geekiest one\google drive\school\westminster (uow)\tashkent\redrum\bot\visualstudio\release\boss\prerequisiteset.sbr
c:\users\the geekiest one\google drive\school\westminster (uow)\tashkent\redrum\bot\visualstudio\release\boss\tools.sbr
c:\users\the geekiest one\google drive\school\westminster (uow)\tashkent\redrum\bot\visualstudio\release\boss\unitdata.sbr
c:\users\the geekiest one\google drive\school\westminster (uow)\tashkent\redrum\boss\visualstudio\../bin/boss.lib
c:\users\the geekiest one\google drive\school\westminster (uow)\tashkent\redrum\bot\visualstudio\release\boss\boss.tlog\bscmake.command.1.tlog
c:\users\the geekiest one\google drive\school\westminster (uow)\tashkent\redrum\bot\visualstudio\release\boss\boss.tlog\bscmake.read.1.tlog
c:\users\the geekiest one\google drive\school\westminster (uow)\tashkent\redrum\bot\visualstudio\release\boss\boss.tlog\bscmake.write.1.tlog
c:\users\the geekiest one\google drive\school\westminster (uow)\tashkent\redrum\bot\visualstudio\release\boss\boss.tlog\cl.command.1.tlog
c:\users\the geekiest one\google drive\school\westminster (uow)\tashkent\redrum\bot\visualstudio\release\boss\boss.tlog\cl.read.1.tlog
c:\users\the geekiest one\google drive\school\westminster (uow)\tashkent\redrum\bot\visualstudio\release\boss\boss.tlog\cl.write.1.tlog
c:\users\the geekiest one\google drive\school\westminster (uow)\tashkent\redrum\bot\visualstudio\release\boss\boss.tlog\lib-link.read.1.tlog
c:\users\the geekiest one\google drive\school\westminster (uow)\tashkent\redrum\bot\visualstudio\release\boss\boss.tlog\lib-link.write.1.tlog
c:\users\the geekiest one\google drive\school\westminster (uow)\tashkent\redrum\bot\visualstudio\release\boss\boss.tlog\lib.command.1.tlog
